<?xml version="1.0" encoding="UTF-8"?>
<testng-results ignored="0" total="2" passed="2" failed="0" skipped="0">
  <reporter-output>
  </reporter-output>
  <suite started-at="2022-07-22T04:04:29Z" name="Suite" finished-at="2022-07-22T04:04:46Z" duration-ms="16994">
    <groups>
    </groups>
    <test started-at="2022-07-22T04:04:29Z" name="Open Cart Login Page Test_chrome_90" finished-at="2022-07-22T04:04:46Z" duration-ms="16994">
      <class name="project.tests.Test1">
        <test-method is-config="true" signature="setup(java.lang.String, java.lang.String)[pri:0, instance:project.tests.Test1@20ead579]" started-at="2022-07-22T04:04:29Z" name="setup" finished-at="2022-07-22T04:04:41Z" duration-ms="12492" status="PASS">
          <params>
            <param index="0">
              <value>
                <![CDATA[chrome]]>
              </value>
            </param>
            <param index="1">
              <value>
                <![CDATA[103.0]]>
              </value>
            </param>
          </params>
          <reporter-output>
          </reporter-output>
        </test-method> <!-- setup -->
        <test-method is-config="true" signature="set()[pri:0, instance:project.tests.Test1@20ead579]" started-at="2022-07-22T04:04:41Z" name="set" finished-at="2022-07-22T04:04:41Z" duration-ms="4" status="PASS">
          <reporter-output>
          </reporter-output>
        </test-method> <!-- set -->
        <test-method signature="VerifyForgotPasswordLink()[pri:0, instance:project.tests.Test1@20ead579]" started-at="2022-07-22T04:04:41Z" name="VerifyForgotPasswordLink" finished-at="2022-07-22T04:04:41Z" duration-ms="290" status="PASS">
          <reporter-output>
          </reporter-output>
        </test-method> <!-- VerifyForgotPasswordLink -->
        <test-method signature="Login()[pri:1, instance:project.tests.Test1@20ead579]" started-at="2022-07-22T04:04:42Z" name="Login" finished-at="2022-07-22T04:04:44Z" duration-ms="2522" status="PASS">
          <reporter-output>
          </reporter-output>
        </test-method> <!-- Login -->
        <test-method is-config="true" signature="tearDown()[pri:0, instance:project.tests.Test1@20ead579]" started-at="2022-07-22T04:04:44Z" name="tearDown" finished-at="2022-07-22T04:04:46Z" duration-ms="1279" status="PASS">
          <reporter-output>
          </reporter-output>
        </test-method> <!-- tearDown -->
        <test-method is-config="true" signature="sendTestReports()[pri:0, instance:project.tests.Test1@20ead579]" started-at="2022-07-22T04:04:47Z" name="sendTestReports" finished-at="2022-07-22T04:04:47Z" duration-ms="2" status="PASS">
          <reporter-output>
          </reporter-output>
        </test-method> <!-- sendTestReports -->
      </class> <!-- project.tests.Test1 -->
    </test> <!-- Open Cart Login Page Test_chrome_90 -->
  </suite> <!-- Suite -->
</testng-results>
